Performing C SOURCE FILE Test CMAKE_HAVE_LIBC_PTHREAD failed with the following output:
Change Dir: /home/armand/..dev/VkHologram/CMakeFiles/CMakeTmp

Run Build Command(s):/usr/bin/gmake cmTC_8c8c3/fast && /usr/bin/gmake  -f CMakeFiles/cmTC_8c8c3.dir/build.make CMakeFiles/cmTC_8c8c3.dir/build
gmake[1]: Entering directory '/home/armand/..dev/VkHologram/CMakeFiles/CMakeTmp'
Building C object CMakeFiles/cmTC_8c8c3.dir/src.c.o
/usr/bin/cc   -std=c99 -Wall -Wextra -Wno-unused-parameter -Wno-missing-field-initializers -fno-strict-aliasing -fno-builtin-memcmp -fvisibility=hidden -DCMAKE_HAVE_LIBC_PTHREAD   -o CMakeFiles/cmTC_8c8c3.dir/src.c.o   -c /home/armand/..dev/VkHologram/CMakeFiles/CMakeTmp/src.c
Linking C executable cmTC_8c8c3
/home/armand/bin/cmake -E cmake_link_script CMakeFiles/cmTC_8c8c3.dir/link.txt --verbose=1
/usr/bin/cc  -std=c99 -Wall -Wextra -Wno-unused-parameter -Wno-missing-field-initializers -fno-strict-aliasing -fno-builtin-memcmp -fvisibility=hidden -DCMAKE_HAVE_LIBC_PTHREAD    CMakeFiles/cmTC_8c8c3.dir/src.c.o  -o cmTC_8c8c3 
/usr/bin/ld: CMakeFiles/cmTC_8c8c3.dir/src.c.o: in function `main':
src.c:(.text+0x46): undefined reference to `pthread_create'
/usr/bin/ld: src.c:(.text+0x52): undefined reference to `pthread_detach'
/usr/bin/ld: src.c:(.text+0x5e): undefined reference to `pthread_cancel'
/usr/bin/ld: src.c:(.text+0x6f): undefined reference to `pthread_join'
collect2: error: ld returned 1 exit status
gmake[1]: *** [CMakeFiles/cmTC_8c8c3.dir/build.make:107: cmTC_8c8c3] Error 1
gmake[1]: Leaving directory '/home/armand/..dev/VkHologram/CMakeFiles/CMakeTmp'
gmake: *** [Makefile:141: cmTC_8c8c3/fast] Error 2


Source file was:
#include <pthread.h>

void* test_func(void* data)
{
  return data;
}

int main(void)
{
  pthread_t thread;
  pthread_create(&thread, NULL, test_func, NULL);
  pthread_detach(thread);
  pthread_cancel(thread);
  pthread_join(thread, NULL);
  pthread_atfork(NULL, NULL, NULL);
  pthread_exit(NULL);

  return 0;
}

Determining if the function pthread_create exists in the pthreads failed with the following output:
Change Dir: /home/armand/..dev/VkHologram/CMakeFiles/CMakeTmp

Run Build Command(s):/usr/bin/gmake cmTC_94648/fast && /usr/bin/gmake  -f CMakeFiles/cmTC_94648.dir/build.make CMakeFiles/cmTC_94648.dir/build
gmake[1]: Entering directory '/home/armand/..dev/VkHologram/CMakeFiles/CMakeTmp'
Building C object CMakeFiles/cmTC_94648.dir/CheckFunctionExists.c.o
/usr/bin/cc   -std=c99 -Wall -Wextra -Wno-unused-parameter -Wno-missing-field-initializers -fno-strict-aliasing -fno-builtin-memcmp -fvisibility=hidden -DCHECK_FUNCTION_EXISTS=pthread_create   -o CMakeFiles/cmTC_94648.dir/CheckFunctionExists.c.o   -c /home/armand/share/cmake-3.17/Modules/CheckFunctionExists.c
Linking C executable cmTC_94648
/home/armand/bin/cmake -E cmake_link_script CMakeFiles/cmTC_94648.dir/link.txt --verbose=1
/usr/bin/cc  -std=c99 -Wall -Wextra -Wno-unused-parameter -Wno-missing-field-initializers -fno-strict-aliasing -fno-builtin-memcmp -fvisibility=hidden -DCHECK_FUNCTION_EXISTS=pthread_create    CMakeFiles/cmTC_94648.dir/CheckFunctionExists.c.o  -o cmTC_94648  -lpthreads 
/usr/bin/ld: cannot find -lpthreads
collect2: error: ld returned 1 exit status
gmake[1]: *** [CMakeFiles/cmTC_94648.dir/build.make:107: cmTC_94648] Error 1
gmake[1]: Leaving directory '/home/armand/..dev/VkHologram/CMakeFiles/CMakeTmp'
gmake: *** [Makefile:141: cmTC_94648/fast] Error 2



Performing C SOURCE FILE Test CMAKE_HAVE_LIBC_PTHREAD failed with the following output:
Change Dir: /home/armand/..dev/VkPhysics/CMakeFiles/CMakeTmp

Run Build Command(s):/usr/bin/gmake cmTC_ab057/fast && /usr/bin/gmake  -f CMakeFiles/cmTC_ab057.dir/build.make CMakeFiles/cmTC_ab057.dir/build
gmake[1]: Entering directory '/home/armand/..dev/VkPhysics/CMakeFiles/CMakeTmp'
Building C object CMakeFiles/cmTC_ab057.dir/src.c.o
/usr/bin/cc   -std=c99 -Wall -Wextra -Wno-unused-parameter -Wno-missing-field-initializers -fno-strict-aliasing -fno-builtin-memcmp -fvisibility=hidden -DCMAKE_HAVE_LIBC_PTHREAD   -o CMakeFiles/cmTC_ab057.dir/src.c.o   -c /home/armand/..dev/VkPhysics/CMakeFiles/CMakeTmp/src.c
Linking C executable cmTC_ab057
/home/armand/bin/cmake -E cmake_link_script CMakeFiles/cmTC_ab057.dir/link.txt --verbose=1
/usr/bin/cc  -std=c99 -Wall -Wextra -Wno-unused-parameter -Wno-missing-field-initializers -fno-strict-aliasing -fno-builtin-memcmp -fvisibility=hidden -DCMAKE_HAVE_LIBC_PTHREAD    CMakeFiles/cmTC_ab057.dir/src.c.o  -o cmTC_ab057 
/usr/bin/ld: CMakeFiles/cmTC_ab057.dir/src.c.o: in function `main':
src.c:(.text+0x46): undefined reference to `pthread_create'
/usr/bin/ld: src.c:(.text+0x52): undefined reference to `pthread_detach'
/usr/bin/ld: src.c:(.text+0x5e): undefined reference to `pthread_cancel'
/usr/bin/ld: src.c:(.text+0x6f): undefined reference to `pthread_join'
collect2: error: ld returned 1 exit status
gmake[1]: *** [CMakeFiles/cmTC_ab057.dir/build.make:107: cmTC_ab057] Error 1
gmake[1]: Leaving directory '/home/armand/..dev/VkPhysics/CMakeFiles/CMakeTmp'
gmake: *** [Makefile:141: cmTC_ab057/fast] Error 2


Source file was:
#include <pthread.h>

void* test_func(void* data)
{
  return data;
}

int main(void)
{
  pthread_t thread;
  pthread_create(&thread, NULL, test_func, NULL);
  pthread_detach(thread);
  pthread_cancel(thread);
  pthread_join(thread, NULL);
  pthread_atfork(NULL, NULL, NULL);
  pthread_exit(NULL);

  return 0;
}

Determining if the function pthread_create exists in the pthreads failed with the following output:
Change Dir: /home/armand/..dev/VkPhysics/CMakeFiles/CMakeTmp

Run Build Command(s):/usr/bin/gmake cmTC_af78c/fast && /usr/bin/gmake  -f CMakeFiles/cmTC_af78c.dir/build.make CMakeFiles/cmTC_af78c.dir/build
gmake[1]: Entering directory '/home/armand/..dev/VkPhysics/CMakeFiles/CMakeTmp'
Building C object CMakeFiles/cmTC_af78c.dir/CheckFunctionExists.c.o
/usr/bin/cc   -std=c99 -Wall -Wextra -Wno-unused-parameter -Wno-missing-field-initializers -fno-strict-aliasing -fno-builtin-memcmp -fvisibility=hidden -DCHECK_FUNCTION_EXISTS=pthread_create   -o CMakeFiles/cmTC_af78c.dir/CheckFunctionExists.c.o   -c /home/armand/share/cmake-3.17/Modules/CheckFunctionExists.c
Linking C executable cmTC_af78c
/home/armand/bin/cmake -E cmake_link_script CMakeFiles/cmTC_af78c.dir/link.txt --verbose=1
/usr/bin/cc  -std=c99 -Wall -Wextra -Wno-unused-parameter -Wno-missing-field-initializers -fno-strict-aliasing -fno-builtin-memcmp -fvisibility=hidden -DCHECK_FUNCTION_EXISTS=pthread_create    CMakeFiles/cmTC_af78c.dir/CheckFunctionExists.c.o  -o cmTC_af78c  -lpthreads 
/usr/bin/ld: cannot find -lpthreads
collect2: error: ld returned 1 exit status
gmake[1]: *** [CMakeFiles/cmTC_af78c.dir/build.make:107: cmTC_af78c] Error 1
gmake[1]: Leaving directory '/home/armand/..dev/VkPhysics/CMakeFiles/CMakeTmp'
gmake: *** [Makefile:141: cmTC_af78c/fast] Error 2



Performing C SOURCE FILE Test CMAKE_HAVE_LIBC_PTHREAD failed with the following output:
Change Dir: /home/armand/..dev/VkShaderRendering/CMakeFiles/CMakeTmp

Run Build Command(s):/usr/bin/gmake cmTC_b1219/fast && /usr/bin/gmake  -f CMakeFiles/cmTC_b1219.dir/build.make CMakeFiles/cmTC_b1219.dir/build
gmake[1]: Entering directory '/home/armand/..dev/VkShaderRendering/CMakeFiles/CMakeTmp'
Building C object CMakeFiles/cmTC_b1219.dir/src.c.o
/usr/bin/cc   -std=c99 -Wall -Wextra -Wno-unused-parameter -Wno-missing-field-initializers -fno-strict-aliasing -fno-builtin-memcmp -fvisibility=hidden -DCMAKE_HAVE_LIBC_PTHREAD   -o CMakeFiles/cmTC_b1219.dir/src.c.o   -c /home/armand/..dev/VkShaderRendering/CMakeFiles/CMakeTmp/src.c
Linking C executable cmTC_b1219
/home/armand/bin/cmake -E cmake_link_script CMakeFiles/cmTC_b1219.dir/link.txt --verbose=1
/usr/bin/cc  -std=c99 -Wall -Wextra -Wno-unused-parameter -Wno-missing-field-initializers -fno-strict-aliasing -fno-builtin-memcmp -fvisibility=hidden -DCMAKE_HAVE_LIBC_PTHREAD    CMakeFiles/cmTC_b1219.dir/src.c.o  -o cmTC_b1219 
/usr/bin/ld: CMakeFiles/cmTC_b1219.dir/src.c.o: in function `main':
src.c:(.text+0x46): undefined reference to `pthread_create'
/usr/bin/ld: src.c:(.text+0x52): undefined reference to `pthread_detach'
/usr/bin/ld: src.c:(.text+0x5e): undefined reference to `pthread_cancel'
/usr/bin/ld: src.c:(.text+0x6f): undefined reference to `pthread_join'
collect2: error: ld returned 1 exit status
gmake[1]: *** [CMakeFiles/cmTC_b1219.dir/build.make:107: cmTC_b1219] Error 1
gmake[1]: Leaving directory '/home/armand/..dev/VkShaderRendering/CMakeFiles/CMakeTmp'
gmake: *** [Makefile:141: cmTC_b1219/fast] Error 2


Source file was:
#include <pthread.h>

void* test_func(void* data)
{
  return data;
}

int main(void)
{
  pthread_t thread;
  pthread_create(&thread, NULL, test_func, NULL);
  pthread_detach(thread);
  pthread_cancel(thread);
  pthread_join(thread, NULL);
  pthread_atfork(NULL, NULL, NULL);
  pthread_exit(NULL);

  return 0;
}

Determining if the function pthread_create exists in the pthreads failed with the following output:
Change Dir: /home/armand/..dev/VkShaderRendering/CMakeFiles/CMakeTmp

Run Build Command(s):/usr/bin/gmake cmTC_22ae1/fast && /usr/bin/gmake  -f CMakeFiles/cmTC_22ae1.dir/build.make CMakeFiles/cmTC_22ae1.dir/build
gmake[1]: Entering directory '/home/armand/..dev/VkShaderRendering/CMakeFiles/CMakeTmp'
Building C object CMakeFiles/cmTC_22ae1.dir/CheckFunctionExists.c.o
/usr/bin/cc   -std=c99 -Wall -Wextra -Wno-unused-parameter -Wno-missing-field-initializers -fno-strict-aliasing -fno-builtin-memcmp -fvisibility=hidden -DCHECK_FUNCTION_EXISTS=pthread_create   -o CMakeFiles/cmTC_22ae1.dir/CheckFunctionExists.c.o   -c /home/armand/share/cmake-3.17/Modules/CheckFunctionExists.c
Linking C executable cmTC_22ae1
/home/armand/bin/cmake -E cmake_link_script CMakeFiles/cmTC_22ae1.dir/link.txt --verbose=1
/usr/bin/cc  -std=c99 -Wall -Wextra -Wno-unused-parameter -Wno-missing-field-initializers -fno-strict-aliasing -fno-builtin-memcmp -fvisibility=hidden -DCHECK_FUNCTION_EXISTS=pthread_create    CMakeFiles/cmTC_22ae1.dir/CheckFunctionExists.c.o  -o cmTC_22ae1  -lpthreads 
/usr/bin/ld: cannot find -lpthreads
collect2: error: ld returned 1 exit status
gmake[1]: *** [CMakeFiles/cmTC_22ae1.dir/build.make:107: cmTC_22ae1] Error 1
gmake[1]: Leaving directory '/home/armand/..dev/VkShaderRendering/CMakeFiles/CMakeTmp'
gmake: *** [Makefile:141: cmTC_22ae1/fast] Error 2



